<?xml version="1.0" encoding="UTF-8"?>
<!-- Generated by org.testng.reporters.JUnitReportReporter -->
<testsuite hostname="DESKTOP-3UBV88N" failures="1" tests="2" name="Test_Java.Selenium_Adv.TestCase" time="63.797" errors="0" timestamp="2025-12-15T12:37:04 IST" skipped="0">
  <testcase classname="Test_Java.Selenium_Adv.TestCase" name="lambdaTest" time="45.277"/>
  <testcase classname="Test_Java.Selenium_Adv.TestCase" name="lambdaTest" time="18.520">
    <failure message="Failed: Page Title doesnot match expected [Running Automation Tests Using TestingWhiz LambdaTest | LambdaTest] but found [LambdaTest]" type="java.lang.AssertionError">
      <![CDATA[java.lang.AssertionError: Failed: Page Title doesnot match expected [Running Automation Tests Using TestingWhiz LambdaTest | LambdaTest] but found [LambdaTest]
at org.testng.Assert.fail(Assert.java:111)
at org.testng.Assert.failNotEquals(Assert.java:1590)
at org.testng.Assert.assertEqualsImpl(Assert.java:150)
at org.testng.Assert.assertEquals(Assert.java:132)
at org.testng.Assert.assertEquals(Assert.java:656)
at Test_Java.Selenium_Adv.TestCase.lambdaTest(TestCase.java:137)
at java.base/jdk.internal.reflect.DirectMethodHandleAccessor.invoke(DirectMethodHandleAccessor.java:103)
at java.base/java.lang.reflect.Method.invoke(Method.java:580)
at org.testng.internal.invokers.MethodInvocationHelper.invokeMethod(MethodInvocationHelper.java:141)
at org.testng.internal.invokers.InvokeMethodRunnable.runOne(InvokeMethodRunnable.java:47)
at org.testng.internal.invokers.InvokeMethodRunnable.call(InvokeMethodRunnable.java:76)
at org.testng.internal.invokers.InvokeMethodRunnable.call(InvokeMethodRunnable.java:11)
at java.base/java.util.concurrent.FutureTask.run(FutureTask.java:317)
at java.base/java.util.concurrent.ThreadPoolExecutor.runWorker(ThreadPoolExecutor.java:1144)
at java.base/java.util.concurrent.ThreadPoolExecutor$Worker.run(ThreadPoolExecutor.java:642)
at java.base/java.lang.Thread.run(Thread.java:1583)
]]>
    </failure>
  </testcase> <!-- lambdaTest -->
</testsuite> <!-- Test_Java.Selenium_Adv.TestCase -->
