<?xml version="1.0" encoding="UTF-8"?>
<!-- Generated by org.testng.reporters.JUnitXMLReporter -->
<testsuite ignored="0" hostname="DESKTOP-3UBV88N" failures="1" tests="1" name="Test Scenario 2" time="18.567" errors="0" timestamp="2025-12-15T12:36:37 IST">
  <testcase classname="Test_Java.Selenium_Adv.TestCase" name="lambdaTest" time="6.376">
    <failure type="java.lang.AssertionError" message="Failed: Page Title doesnot match expected [Running Automation Tests Using TestingWhiz LambdaTest | LambdaTest] but found [LambdaTest]">
      <![CDATA[java.lang.AssertionError: Failed: Page Title doesnot match expected [Running Automation Tests Using TestingWhiz LambdaTest | LambdaTest] but found [LambdaTest]
at Test_Java.Selenium_Adv.TestCase.lambdaTest(TestCase.java:137)
at java.base/java.util.concurrent.FutureTask.run(FutureTask.java:317)
at java.base/java.util.concurrent.ThreadPoolExecutor.runWorker(ThreadPoolExecutor.java:1144)
at java.base/java.util.concurrent.ThreadPoolExecutor$Worker.run(ThreadPoolExecutor.java:642)
at java.base/java.lang.Thread.run(Thread.java:1583)
... Removed 11 stack frames]]>
    </failure>
  </testcase> <!-- lambdaTest -->
</testsuite> <!-- Test Scenario 2 -->
